<?xml version="1.0" encoding="UTF-8"?>
<!-- Generated by org.testng.reporters.JUnitXMLReporter -->
<testsuite ignored="0" hostname="DESKTOP-HADT1D5" failures="0" tests="12" name="Test" time="51.664" errors="0" timestamp="2023-03-02T12:41:21 IST">
  <testcase classname="testcases.LoginTest" name="loginToApplication" time="5.229"/>
  <testcase classname="testcases.LoginTest" name="inValidloginToApplication" time="0.766"/>
  <testcase classname="testcases.LoginTest" name="inValidloginToApplication" time="0.689"/>
  <testcase classname="testcases.LoginTest" name="inValidloginToApplication" time="0.69"/>
  <testcase classname="testcases.LoginTest" name="inValidloginToApplication" time="0.459"/>
  <testcase classname="testcases.LoginTest" name="inValidloginToApplication" time="0.244"/>
  <testcase classname="testcases.LoginTest" name="loginWithAllCombination" time="3.6"/>
  <testcase classname="testcases.LoginTest" name="loginWithAllCombination" time="3.265"/>
  <testcase classname="testcases.LoginTest" name="loginWithAllCombination" time="3.265"/>
  <testcase classname="testcases.LoginTest" name="loginWithAllCombination" time="3.263"/>
  <testcase classname="testcases.LoginTest" name="loginWithAllCombination" time="3.259"/>
  <testcase classname="testcases.LoginTest" name="loginWithAllCombination" time="3.249"/>
</testsuite> <!-- Test -->
