<?xml version="1.0" encoding="UTF-8"?>
<!-- Generated by org.testng.reporters.JUnitXMLReporter -->
<testsuite ignored="0" hostname="DESKTOP-HADT1D5" failures="0" tests="6" name="Test of Add New Course" time="21.122" errors="0" timestamp="2023-03-07T01:55:03 IST">
  <testcase classname="testcases.HomePageTest" name="loginWithValidCredTest" time="3.241"/>
  <testcase classname="testcases.HomePageTest" name="clickOnManageCourseAndVerifyManageHeadingTest" time="0.365"/>
  <testcase classname="testcases.HomePageTest" name="clickOnAddCourseTest" time="0.118"/>
  <testcase classname="testcases.HomePageTest" name="addCourseTestAndVerifyTest" time="2.137"/>
  <testcase classname="testcases.HomePageTest" name="deleteAddedCourseAndVerifyTest" time="11.851"/>
  <testcase classname="testcases.HomePageTest" name="logOutTest" time="0.384"/>
</testsuite> <!-- Test of Add New Course -->
