<?xml version="1.0" encoding="UTF-8"?>
<testng-results ignored="0" total="12" passed="12" failed="0" skipped="0">
  <reporter-output>
  </reporter-output>
  <suite started-at="2023-03-02T12:40:29 IST" name="Suite" finished-at="2023-03-02T12:41:21 IST" duration-ms="51664">
    <groups>
    </groups>
    <test started-at="2023-03-02T12:40:29 IST" name="Test" finished-at="2023-03-02T12:41:21 IST" duration-ms="51664">
      <class name="testcases.LoginTest">
        <test-method is-config="true" signature="setUp()[pri:0, instance:testcases.LoginTest@72c8e7b]" started-at="2023-03-02T12:40:30 IST" name="setUp" finished-at="2023-03-02T12:40:32 IST" duration-ms="2919" status="PASS">
          <reporter-output>
          </reporter-output>
        </test-method> <!-- setUp -->
        <test-method signature="loginToApplication(java.lang.String,java.lang.String)[pri:1, instance:testcases.LoginTest@72c8e7b]" started-at="2023-03-02T12:40:32 IST" name="loginToApplication" data-provider="LoginDataSet" finished-at="2023-03-02T12:40:38 IST" duration-ms="5229" status="PASS">
          <params>
            <param index="0">
              <value>
                <![CDATA[admin@email.com]]>
              </value>
            </param>
            <param index="1">
              <value>
                <![CDATA[admin@123]]>
              </value>
            </param>
          </params>
          <reporter-output>
          </reporter-output>
        </test-method> <!-- loginToApplication -->
        <test-method is-config="true" signature="tearDown()[pri:0, instance:testcases.LoginTest@72c8e7b]" started-at="2023-03-02T12:40:38 IST" name="tearDown" finished-at="2023-03-02T12:40:39 IST" duration-ms="826" status="PASS">
          <reporter-output>
          </reporter-output>
        </test-method> <!-- tearDown -->
        <test-method is-config="true" signature="setUp()[pri:0, instance:testcases.LoginTest@72c8e7b]" started-at="2023-03-02T12:40:39 IST" name="setUp" finished-at="2023-03-02T12:40:40 IST" duration-ms="1646" status="PASS">
          <reporter-output>
          </reporter-output>
        </test-method> <!-- setUp -->
        <test-method signature="inValidloginToApplication(java.lang.String,java.lang.String)[pri:2, instance:testcases.LoginTest@72c8e7b]" started-at="2023-03-02T12:40:40 IST" name="inValidloginToApplication" data-provider="InvalidLoginDataSet" finished-at="2023-03-02T12:40:41 IST" duration-ms="766" status="PASS">
          <params>
            <param index="0">
              <value>
                <![CDATA[ineu@ineuron.ai]]>
              </value>
            </param>
            <param index="1">
              <value>
                <![CDATA[shdfsdf]]>
              </value>
            </param>
          </params>
          <reporter-output>
          </reporter-output>
        </test-method> <!-- inValidloginToApplication -->
        <test-method is-config="true" signature="tearDown()[pri:0, instance:testcases.LoginTest@72c8e7b]" started-at="2023-03-02T12:40:41 IST" name="tearDown" finished-at="2023-03-02T12:40:41 IST" duration-ms="120" status="PASS">
          <reporter-output>
          </reporter-output>
        </test-method> <!-- tearDown -->
        <test-method is-config="true" signature="setUp()[pri:0, instance:testcases.LoginTest@72c8e7b]" started-at="2023-03-02T12:40:41 IST" name="setUp" finished-at="2023-03-02T12:40:43 IST" duration-ms="1435" status="PASS">
          <reporter-output>
          </reporter-output>
        </test-method> <!-- setUp -->
        <test-method signature="inValidloginToApplication(java.lang.String,java.lang.String)[pri:2, instance:testcases.LoginTest@72c8e7b]" started-at="2023-03-02T12:40:43 IST" name="inValidloginToApplication" data-provider="InvalidLoginDataSet" finished-at="2023-03-02T12:40:43 IST" duration-ms="689" status="PASS">
          <params>
            <param index="0">
              <value>
                <![CDATA[ineuw@gmail.com]]>
              </value>
            </param>
            <param index="1">
              <value>
                <![CDATA[ineuron]]>
              </value>
            </param>
          </params>
          <reporter-output>
          </reporter-output>
        </test-method> <!-- inValidloginToApplication -->
        <test-method is-config="true" signature="tearDown()[pri:0, instance:testcases.LoginTest@72c8e7b]" started-at="2023-03-02T12:40:43 IST" name="tearDown" finished-at="2023-03-02T12:40:43 IST" duration-ms="121" status="PASS">
          <reporter-output>
          </reporter-output>
        </test-method> <!-- tearDown -->
        <test-method is-config="true" signature="setUp()[pri:0, instance:testcases.LoginTest@72c8e7b]" started-at="2023-03-02T12:40:43 IST" name="setUp" finished-at="2023-03-02T12:40:45 IST" duration-ms="1471" status="PASS">
          <reporter-output>
          </reporter-output>
        </test-method> <!-- setUp -->
        <test-method signature="inValidloginToApplication(java.lang.String,java.lang.String)[pri:2, instance:testcases.LoginTest@72c8e7b]" started-at="2023-03-02T12:40:45 IST" name="inValidloginToApplication" data-provider="InvalidLoginDataSet" finished-at="2023-03-02T12:40:46 IST" duration-ms="690" status="PASS">
          <params>
            <param index="0">
              <value>
                <![CDATA[ineuron@ineuron.ai]]>
              </value>
            </param>
            <param index="1">
              <value>
                <![CDATA[sdfsdgs]]>
              </value>
            </param>
          </params>
          <reporter-output>
          </reporter-output>
        </test-method> <!-- inValidloginToApplication -->
        <test-method is-config="true" signature="tearDown()[pri:0, instance:testcases.LoginTest@72c8e7b]" started-at="2023-03-02T12:40:46 IST" name="tearDown" finished-at="2023-03-02T12:40:46 IST" duration-ms="160" status="PASS">
          <reporter-output>
          </reporter-output>
        </test-method> <!-- tearDown -->
        <test-method is-config="true" signature="setUp()[pri:0, instance:testcases.LoginTest@72c8e7b]" started-at="2023-03-02T12:40:46 IST" name="setUp" finished-at="2023-03-02T12:40:47 IST" duration-ms="1753" status="PASS">
          <reporter-output>
          </reporter-output>
        </test-method> <!-- setUp -->
        <test-method signature="inValidloginToApplication(java.lang.String,java.lang.String)[pri:2, instance:testcases.LoginTest@72c8e7b]" started-at="2023-03-02T12:40:47 IST" name="inValidloginToApplication" data-provider="InvalidLoginDataSet" finished-at="2023-03-02T12:40:48 IST" duration-ms="459" status="PASS">
          <params>
            <param index="0">
              <value>
                <![CDATA[ineuron@ineuron.ai]]>
              </value>
            </param>
            <param index="1">
              <value>
                <![CDATA[]]>
              </value>
            </param>
          </params>
          <reporter-output>
          </reporter-output>
        </test-method> <!-- inValidloginToApplication -->
        <test-method is-config="true" signature="tearDown()[pri:0, instance:testcases.LoginTest@72c8e7b]" started-at="2023-03-02T12:40:48 IST" name="tearDown" finished-at="2023-03-02T12:40:48 IST" duration-ms="194" status="PASS">
          <reporter-output>
          </reporter-output>
        </test-method> <!-- tearDown -->
        <test-method is-config="true" signature="setUp()[pri:0, instance:testcases.LoginTest@72c8e7b]" started-at="2023-03-02T12:40:48 IST" name="setUp" finished-at="2023-03-02T12:40:50 IST" duration-ms="1647" status="PASS">
          <reporter-output>
          </reporter-output>
        </test-method> <!-- setUp -->
        <test-method signature="inValidloginToApplication(java.lang.String,java.lang.String)[pri:2, instance:testcases.LoginTest@72c8e7b]" started-at="2023-03-02T12:40:50 IST" name="inValidloginToApplication" data-provider="InvalidLoginDataSet" finished-at="2023-03-02T12:40:50 IST" duration-ms="244" status="PASS">
          <params>
            <param index="0">
              <value>
                <![CDATA[]]>
              </value>
            </param>
            <param index="1">
              <value>
                <![CDATA[ineuron]]>
              </value>
            </param>
          </params>
          <reporter-output>
          </reporter-output>
        </test-method> <!-- inValidloginToApplication -->
        <test-method is-config="true" signature="tearDown()[pri:0, instance:testcases.LoginTest@72c8e7b]" started-at="2023-03-02T12:40:50 IST" name="tearDown" finished-at="2023-03-02T12:40:50 IST" duration-ms="126" status="PASS">
          <reporter-output>
          </reporter-output>
        </test-method> <!-- tearDown -->
        <test-method is-config="true" signature="setUp()[pri:0, instance:testcases.LoginTest@72c8e7b]" started-at="2023-03-02T12:40:50 IST" name="setUp" finished-at="2023-03-02T12:40:52 IST" duration-ms="1448" status="PASS">
          <reporter-output>
          </reporter-output>
        </test-method> <!-- setUp -->
        <test-method signature="loginWithAllCombination(java.lang.String,java.lang.String,java.lang.String)[pri:3, instance:testcases.LoginTest@72c8e7b]" started-at="2023-03-02T12:40:52 IST" name="loginWithAllCombination" data-provider="ValidAndInvalidLoginDataSet" finished-at="2023-03-02T12:40:55 IST" duration-ms="3600" status="PASS">
          <params>
            <param index="0">
              <value>
                <![CDATA[ValidCred]]>
              </value>
            </param>
            <param index="1">
              <value>
                <![CDATA[admin@email.com]]>
              </value>
            </param>
            <param index="2">
              <value>
                <![CDATA[admin@123]]>
              </value>
            </param>
          </params>
          <reporter-output>
          </reporter-output>
        </test-method> <!-- loginWithAllCombination -->
        <test-method is-config="true" signature="tearDown()[pri:0, instance:testcases.LoginTest@72c8e7b]" started-at="2023-03-02T12:40:55 IST" name="tearDown" finished-at="2023-03-02T12:40:55 IST" duration-ms="144" status="PASS">
          <reporter-output>
          </reporter-output>
        </test-method> <!-- tearDown -->
        <test-method is-config="true" signature="setUp()[pri:0, instance:testcases.LoginTest@72c8e7b]" started-at="2023-03-02T12:40:55 IST" name="setUp" finished-at="2023-03-02T12:40:57 IST" duration-ms="1408" status="PASS">
          <reporter-output>
          </reporter-output>
        </test-method> <!-- setUp -->
        <test-method signature="loginWithAllCombination(java.lang.String,java.lang.String,java.lang.String)[pri:3, instance:testcases.LoginTest@72c8e7b]" started-at="2023-03-02T12:40:57 IST" name="loginWithAllCombination" data-provider="ValidAndInvalidLoginDataSet" finished-at="2023-03-02T12:41:00 IST" duration-ms="3265" status="PASS">
          <params>
            <param index="0">
              <value>
                <![CDATA[BothInvalid]]>
              </value>
            </param>
            <param index="1">
              <value>
                <![CDATA[admin12@email.com]]>
              </value>
            </param>
            <param index="2">
              <value>
                <![CDATA[admin21@123]]>
              </value>
            </param>
          </params>
          <reporter-output>
          </reporter-output>
        </test-method> <!-- loginWithAllCombination -->
        <test-method is-config="true" signature="tearDown()[pri:0, instance:testcases.LoginTest@72c8e7b]" started-at="2023-03-02T12:41:00 IST" name="tearDown" finished-at="2023-03-02T12:41:00 IST" duration-ms="174" status="PASS">
          <reporter-output>
          </reporter-output>
        </test-method> <!-- tearDown -->
        <test-method is-config="true" signature="setUp()[pri:0, instance:testcases.LoginTest@72c8e7b]" started-at="2023-03-02T12:41:00 IST" name="setUp" finished-at="2023-03-02T12:41:02 IST" duration-ms="1442" status="PASS">
          <reporter-output>
          </reporter-output>
        </test-method> <!-- setUp -->
        <test-method signature="loginWithAllCombination(java.lang.String,java.lang.String,java.lang.String)[pri:3, instance:testcases.LoginTest@72c8e7b]" started-at="2023-03-02T12:41:02 IST" name="loginWithAllCombination" data-provider="ValidAndInvalidLoginDataSet" finished-at="2023-03-02T12:41:05 IST" duration-ms="3265" status="PASS">
          <params>
            <param index="0">
              <value>
                <![CDATA[ValidEmailInvalidPass]]>
              </value>
            </param>
            <param index="1">
              <value>
                <![CDATA[admin@email.com]]>
              </value>
            </param>
            <param index="2">
              <value>
                <![CDATA[admin21@123]]>
              </value>
            </param>
          </params>
          <reporter-output>
          </reporter-output>
        </test-method> <!-- loginWithAllCombination -->
        <test-method is-config="true" signature="tearDown()[pri:0, instance:testcases.LoginTest@72c8e7b]" started-at="2023-03-02T12:41:05 IST" name="tearDown" finished-at="2023-03-02T12:41:05 IST" duration-ms="131" status="PASS">
          <reporter-output>
          </reporter-output>
        </test-method> <!-- tearDown -->
        <test-method is-config="true" signature="setUp()[pri:0, instance:testcases.LoginTest@72c8e7b]" started-at="2023-03-02T12:41:05 IST" name="setUp" finished-at="2023-03-02T12:41:06 IST" duration-ms="1420" status="PASS">
          <reporter-output>
          </reporter-output>
        </test-method> <!-- setUp -->
        <test-method signature="loginWithAllCombination(java.lang.String,java.lang.String,java.lang.String)[pri:3, instance:testcases.LoginTest@72c8e7b]" started-at="2023-03-02T12:41:06 IST" name="loginWithAllCombination" data-provider="ValidAndInvalidLoginDataSet" finished-at="2023-03-02T12:41:10 IST" duration-ms="3263" status="PASS">
          <params>
            <param index="0">
              <value>
                <![CDATA[InvalidEmailValidPass]]>
              </value>
            </param>
            <param index="1">
              <value>
                <![CDATA[admin12@email.com]]>
              </value>
            </param>
            <param index="2">
              <value>
                <![CDATA[admin@123]]>
              </value>
            </param>
          </params>
          <reporter-output>
          </reporter-output>
        </test-method> <!-- loginWithAllCombination -->
        <test-method is-config="true" signature="tearDown()[pri:0, instance:testcases.LoginTest@72c8e7b]" started-at="2023-03-02T12:41:10 IST" name="tearDown" finished-at="2023-03-02T12:41:10 IST" duration-ms="142" status="PASS">
          <reporter-output>
          </reporter-output>
        </test-method> <!-- tearDown -->
        <test-method is-config="true" signature="setUp()[pri:0, instance:testcases.LoginTest@72c8e7b]" started-at="2023-03-02T12:41:10 IST" name="setUp" finished-at="2023-03-02T12:41:11 IST" duration-ms="1419" status="PASS">
          <reporter-output>
          </reporter-output>
        </test-method> <!-- setUp -->
        <test-method signature="loginWithAllCombination(java.lang.String,java.lang.String,java.lang.String)[pri:3, instance:testcases.LoginTest@72c8e7b]" started-at="2023-03-02T12:41:11 IST" name="loginWithAllCombination" data-provider="ValidAndInvalidLoginDataSet" finished-at="2023-03-02T12:41:15 IST" duration-ms="3259" status="PASS">
          <params>
            <param index="0">
              <value>
                <![CDATA[BlankEmailValidPass]]>
              </value>
            </param>
            <param index="1">
              <value>
                <![CDATA[]]>
              </value>
            </param>
            <param index="2">
              <value>
                <![CDATA[admin@123]]>
              </value>
            </param>
          </params>
          <reporter-output>
          </reporter-output>
        </test-method> <!-- loginWithAllCombination -->
        <test-method is-config="true" signature="tearDown()[pri:0, instance:testcases.LoginTest@72c8e7b]" started-at="2023-03-02T12:41:15 IST" name="tearDown" finished-at="2023-03-02T12:41:15 IST" duration-ms="147" status="PASS">
          <reporter-output>
          </reporter-output>
        </test-method> <!-- tearDown -->
        <test-method is-config="true" signature="setUp()[pri:0, instance:testcases.LoginTest@72c8e7b]" started-at="2023-03-02T12:41:15 IST" name="setUp" finished-at="2023-03-02T12:41:16 IST" duration-ms="1581" status="PASS">
          <reporter-output>
          </reporter-output>
        </test-method> <!-- setUp -->
        <test-method signature="loginWithAllCombination(java.lang.String,java.lang.String,java.lang.String)[pri:3, instance:testcases.LoginTest@72c8e7b]" started-at="2023-03-02T12:41:16 IST" name="loginWithAllCombination" data-provider="ValidAndInvalidLoginDataSet" finished-at="2023-03-02T12:41:20 IST" duration-ms="3249" status="PASS">
          <params>
            <param index="0">
              <value>
                <![CDATA[ValidEmailBlankPass]]>
              </value>
            </param>
            <param index="1">
              <value>
                <![CDATA[admin@email.com]]>
              </value>
            </param>
            <param index="2">
              <value>
                <![CDATA[]]>
              </value>
            </param>
          </params>
          <reporter-output>
          </reporter-output>
        </test-method> <!-- loginWithAllCombination -->
        <test-method is-config="true" signature="tearDown()[pri:0, instance:testcases.LoginTest@72c8e7b]" started-at="2023-03-02T12:41:20 IST" name="tearDown" finished-at="2023-03-02T12:41:21 IST" duration-ms="1169" status="PASS">
          <reporter-output>
          </reporter-output>
        </test-method> <!-- tearDown -->
      </class> <!-- testcases.LoginTest -->
    </test> <!-- Test -->
  </suite> <!-- Suite -->
</testng-results>
