<?xml version="1.0" encoding="UTF-8"?>
<testng-results ignored="0" total="1" passed="1" failed="0" skipped="0">
  <reporter-output>
  </reporter-output>
  <suite started-at="2023-02-21T12:11:42 IST" name="Suite" finished-at="2023-02-21T12:11:53 IST" duration-ms="10666">
    <groups>
    </groups>
    <test started-at="2023-02-21T12:11:42 IST" name="Test" finished-at="2023-02-21T12:11:53 IST" duration-ms="10666">
      <class name="testcases.LoginTest">
        <test-method is-config="true" signature="setUp()[pri:0, instance:testcases.LoginTest@194fad1]" started-at="2023-02-21T12:11:43 IST" name="setUp" finished-at="2023-02-21T12:11:47 IST" duration-ms="3783" status="PASS">
          <reporter-output>
          </reporter-output>
        </test-method> <!-- setUp -->
        <test-method signature="loginToApplication(java.lang.String,java.lang.String)[pri:0, instance:testcases.LoginTest@194fad1]" started-at="2023-02-21T12:11:47 IST" name="loginToApplication" data-provider="LoginDataSet" finished-at="2023-02-21T12:11:52 IST" duration-ms="4579" status="PASS">
          <params>
            <param index="0">
              <value>
                <![CDATA[ineuron@ineuron.ai]]>
              </value>
            </param>
            <param index="1">
              <value>
                <![CDATA[ineuron]]>
              </value>
            </param>
          </params>
          <reporter-output>
          </reporter-output>
        </test-method> <!-- loginToApplication -->
        <test-method is-config="true" signature="tearDown()[pri:0, instance:testcases.LoginTest@194fad1]" started-at="2023-02-21T12:11:52 IST" name="tearDown" finished-at="2023-02-21T12:11:53 IST" duration-ms="1221" status="PASS">
          <reporter-output>
          </reporter-output>
        </test-method> <!-- tearDown -->
      </class> <!-- testcases.LoginTest -->
    </test> <!-- Test -->
  </suite> <!-- Suite -->
</testng-results>
